mode: atomic
ci.guzzler.io/guzzler/corcel/infrastructure/http/HTTPExecutionResultProcessor.go:13.69,15.2 1 0
ci.guzzler.io/guzzler/corcel/infrastructure/http/HTTPExecutionResultProcessor.go:22.110,23.33 1 0
ci.guzzler.io/guzzler/corcel/infrastructure/http/HTTPExecutionResultProcessor.go:23.33,24.14 1 0
ci.guzzler.io/guzzler/corcel/infrastructure/http/HTTPExecutionResultProcessor.go:25.3,33.22 6 0
ci.guzzler.io/guzzler/corcel/infrastructure/http/HTTPExecutionResultProcessor.go:35.3,42.22 6 0
ci.guzzler.io/guzzler/corcel/infrastructure/http/HTTPExecutionResultProcessor.go:44.3,48.45 4 0
ci.guzzler.io/guzzler/corcel/infrastructure/http/HTTPExecutionResultProcessor.go:50.3,54.45 4 0
ci.guzzler.io/guzzler/corcel/infrastructure/http/HTTPExecutionResultProcessor.go:56.3,71.42 12 0
ci.guzzler.io/guzzler/corcel/infrastructure/http/HTTPRequestBuilder.go:4.49,13.2 1 7
ci.guzzler.io/guzzler/corcel/infrastructure/http/HTTPRequestBuilder.go:21.74,24.2 2 0
ci.guzzler.io/guzzler/corcel/infrastructure/http/HTTPRequestBuilder.go:27.76,30.2 2 0
ci.guzzler.io/guzzler/corcel/infrastructure/http/HTTPRequestBuilder.go:33.73,36.2 2 7
ci.guzzler.io/guzzler/corcel/infrastructure/http/HTTPRequestBuilder.go:39.88,42.2 2 3
ci.guzzler.io/guzzler/corcel/infrastructure/http/HTTPRequestBuilder.go:45.74,48.2 2 3
ci.guzzler.io/guzzler/corcel/infrastructure/http/HTTPRequestBuilder.go:51.67,53.2 1 7
ci.guzzler.io/guzzler/corcel/infrastructure/http/HTTPRequestExecutionAction.go:24.38,30.2 1 0
ci.guzzler.io/guzzler/corcel/infrastructure/http/HTTPRequestExecutionAction.go:33.113,34.28 1 0
ci.guzzler.io/guzzler/corcel/infrastructure/http/HTTPRequestExecutionAction.go:38.2,40.52 2 0
ci.guzzler.io/guzzler/corcel/infrastructure/http/HTTPRequestExecutionAction.go:49.2,54.34 5 0
ci.guzzler.io/guzzler/corcel/infrastructure/http/HTTPRequestExecutionAction.go:57.2,57.35 1 0
ci.guzzler.io/guzzler/corcel/infrastructure/http/HTTPRequestExecutionAction.go:73.2,73.28 1 0
ci.guzzler.io/guzzler/corcel/infrastructure/http/HTTPRequestExecutionAction.go:86.2,96.16 4 0
ci.guzzler.io/guzzler/corcel/infrastructure/http/HTTPRequestExecutionAction.go:101.2,104.16 3 0
ci.guzzler.io/guzzler/corcel/infrastructure/http/HTTPRequestExecutionAction.go:108.2,108.15 1 0
ci.guzzler.io/guzzler/corcel/infrastructure/http/HTTPRequestExecutionAction.go:115.2,118.32 3 0
ci.guzzler.io/guzzler/corcel/infrastructure/http/HTTPRequestExecutionAction.go:122.2,129.15 7 0
ci.guzzler.io/guzzler/corcel/infrastructure/http/HTTPRequestExecutionAction.go:34.28,36.3 1 0
ci.guzzler.io/guzzler/corcel/infrastructure/http/HTTPRequestExecutionAction.go:40.52,42.17 2 0
ci.guzzler.io/guzzler/corcel/infrastructure/http/HTTPRequestExecutionAction.go:46.3,46.35 1 0
ci.guzzler.io/guzzler/corcel/infrastructure/http/HTTPRequestExecutionAction.go:42.17,45.4 2 0
ci.guzzler.io/guzzler/corcel/infrastructure/http/HTTPRequestExecutionAction.go:54.34,56.3 1 0
ci.guzzler.io/guzzler/corcel/infrastructure/http/HTTPRequestExecutionAction.go:57.35,58.82 1 0
ci.guzzler.io/guzzler/corcel/infrastructure/http/HTTPRequestExecutionAction.go:58.82,62.36 3 0
ci.guzzler.io/guzzler/corcel/infrastructure/http/HTTPRequestExecutionAction.go:62.36,64.5 1 0
ci.guzzler.io/guzzler/corcel/infrastructure/http/HTTPRequestExecutionAction.go:73.28,75.28 2 0
ci.guzzler.io/guzzler/corcel/infrastructure/http/HTTPRequestExecutionAction.go:76.3,77.28 1 0
ci.guzzler.io/guzzler/corcel/infrastructure/http/HTTPRequestExecutionAction.go:81.4,82.50 2 0
ci.guzzler.io/guzzler/corcel/infrastructure/http/HTTPRequestExecutionAction.go:77.28,80.5 2 0
ci.guzzler.io/guzzler/corcel/infrastructure/http/HTTPRequestExecutionAction.go:96.16,99.3 2 0
ci.guzzler.io/guzzler/corcel/infrastructure/http/HTTPRequestExecutionAction.go:104.16,107.3 2 0
ci.guzzler.io/guzzler/corcel/infrastructure/http/HTTPRequestExecutionAction.go:108.15,110.17 2 0
ci.guzzler.io/guzzler/corcel/infrastructure/http/HTTPRequestExecutionAction.go:110.17,112.4 1 0
ci.guzzler.io/guzzler/corcel/infrastructure/http/HTTPRequestExecutionAction.go:118.32,120.3 1 0
ci.guzzler.io/guzzler/corcel/infrastructure/http/YamlHTTPRequestParser.go:13.87,19.77 2 0
ci.guzzler.io/guzzler/corcel/infrastructure/http/YamlHTTPRequestParser.go:23.2,23.32 1 0
ci.guzzler.io/guzzler/corcel/infrastructure/http/YamlHTTPRequestParser.go:27.2,27.16 1 0
ci.guzzler.io/guzzler/corcel/infrastructure/http/YamlHTTPRequestParser.go:19.77,21.3 1 0
ci.guzzler.io/guzzler/corcel/infrastructure/http/YamlHTTPRequestParser.go:23.32,25.3 1 0
ci.guzzler.io/guzzler/corcel/infrastructure/http/YamlHTTPRequestParser.go:31.52,33.2 1 0
