mode: atomic
ci.guzzler.io/guzzler/corcel/infrastructure/http/HTTPExecutionResultProcessor.go:13.69,15.2 1 0
ci.guzzler.io/guzzler/corcel/infrastructure/http/HTTPExecutionResultProcessor.go:22.110,23.33 1 0
ci.guzzler.io/guzzler/corcel/infrastructure/http/HTTPExecutionResultProcessor.go:23.33,24.14 1 0
ci.guzzler.io/guzzler/corcel/infrastructure/http/HTTPExecutionResultProcessor.go:25.3,33.22 6 0
ci.guzzler.io/guzzler/corcel/infrastructure/http/HTTPExecutionResultProcessor.go:35.3,42.22 6 0
ci.guzzler.io/guzzler/corcel/infrastructure/http/HTTPExecutionResultProcessor.go:44.3,48.45 4 0
ci.guzzler.io/guzzler/corcel/infrastructure/http/HTTPExecutionResultProcessor.go:50.3,54.45 4 0
ci.guzzler.io/guzzler/corcel/infrastructure/http/HTTPExecutionResultProcessor.go:56.3,71.42 12 0
ci.guzzler.io/guzzler/corcel/infrastructure/http/HTTPRequestBuilder.go:4.49,13.2 1 4
ci.guzzler.io/guzzler/corcel/infrastructure/http/HTTPRequestBuilder.go:21.74,24.2 2 0
ci.guzzler.io/guzzler/corcel/infrastructure/http/HTTPRequestBuilder.go:27.76,30.2 2 0
ci.guzzler.io/guzzler/corcel/infrastructure/http/HTTPRequestBuilder.go:33.73,36.2 2 4
ci.guzzler.io/guzzler/corcel/infrastructure/http/HTTPRequestBuilder.go:39.88,42.2 2 1
ci.guzzler.io/guzzler/corcel/infrastructure/http/HTTPRequestBuilder.go:45.74,48.2 2 2
ci.guzzler.io/guzzler/corcel/infrastructure/http/HTTPRequestBuilder.go:51.67,53.2 1 4
ci.guzzler.io/guzzler/corcel/infrastructure/http/HTTPRequestExecutionAction.go:23.58,29.2 1 0
ci.guzzler.io/guzzler/corcel/infrastructure/http/HTTPRequestExecutionAction.go:32.133,33.28 1 0
ci.guzzler.io/guzzler/corcel/infrastructure/http/HTTPRequestExecutionAction.go:37.2,39.52 2 0
ci.guzzler.io/guzzler/corcel/infrastructure/http/HTTPRequestExecutionAction.go:48.2,58.16 4 0
ci.guzzler.io/guzzler/corcel/infrastructure/http/HTTPRequestExecutionAction.go:63.2,65.35 2 0
ci.guzzler.io/guzzler/corcel/infrastructure/http/HTTPRequestExecutionAction.go:75.2,76.16 2 0
ci.guzzler.io/guzzler/corcel/infrastructure/http/HTTPRequestExecutionAction.go:80.2,80.15 1 0
ci.guzzler.io/guzzler/corcel/infrastructure/http/HTTPRequestExecutionAction.go:87.2,90.32 3 0
ci.guzzler.io/guzzler/corcel/infrastructure/http/HTTPRequestExecutionAction.go:94.2,101.15 7 0
ci.guzzler.io/guzzler/corcel/infrastructure/http/HTTPRequestExecutionAction.go:33.28,35.3 1 0
ci.guzzler.io/guzzler/corcel/infrastructure/http/HTTPRequestExecutionAction.go:39.52,41.17 2 0
ci.guzzler.io/guzzler/corcel/infrastructure/http/HTTPRequestExecutionAction.go:45.3,45.35 1 0
ci.guzzler.io/guzzler/corcel/infrastructure/http/HTTPRequestExecutionAction.go:41.17,44.4 2 0
ci.guzzler.io/guzzler/corcel/infrastructure/http/HTTPRequestExecutionAction.go:58.16,61.3 2 0
ci.guzzler.io/guzzler/corcel/infrastructure/http/HTTPRequestExecutionAction.go:65.35,66.82 1 0
ci.guzzler.io/guzzler/corcel/infrastructure/http/HTTPRequestExecutionAction.go:66.82,69.39 3 0
ci.guzzler.io/guzzler/corcel/infrastructure/http/HTTPRequestExecutionAction.go:69.39,71.5 1 0
ci.guzzler.io/guzzler/corcel/infrastructure/http/HTTPRequestExecutionAction.go:76.16,79.3 2 0
ci.guzzler.io/guzzler/corcel/infrastructure/http/HTTPRequestExecutionAction.go:80.15,82.17 2 0
ci.guzzler.io/guzzler/corcel/infrastructure/http/HTTPRequestExecutionAction.go:82.17,84.4 1 0
ci.guzzler.io/guzzler/corcel/infrastructure/http/HTTPRequestExecutionAction.go:90.32,92.3 1 0
ci.guzzler.io/guzzler/corcel/infrastructure/http/YamlHTTPRequestParser.go:13.87,19.77 2 0
ci.guzzler.io/guzzler/corcel/infrastructure/http/YamlHTTPRequestParser.go:23.2,23.32 1 0
ci.guzzler.io/guzzler/corcel/infrastructure/http/YamlHTTPRequestParser.go:27.2,27.16 1 0
ci.guzzler.io/guzzler/corcel/infrastructure/http/YamlHTTPRequestParser.go:19.77,21.3 1 0
ci.guzzler.io/guzzler/corcel/infrastructure/http/YamlHTTPRequestParser.go:23.32,25.3 1 0
ci.guzzler.io/guzzler/corcel/infrastructure/http/YamlHTTPRequestParser.go:31.52,33.2 1 0
