mode: atomic
ci.guzzler.io/guzzler/corcel/request/RequestReader.go:19.48,21.15 2 20
ci.guzzler.io/guzzler/corcel/request/RequestReader.go:27.2,31.21 5 20
ci.guzzler.io/guzzler/corcel/request/RequestReader.go:38.2,40.3 1 20
ci.guzzler.io/guzzler/corcel/request/RequestReader.go:21.15,23.17 2 20
ci.guzzler.io/guzzler/corcel/request/RequestReader.go:23.17,25.4 1 0
ci.guzzler.io/guzzler/corcel/request/RequestReader.go:31.21,36.3 4 191
ci.guzzler.io/guzzler/corcel/request/RequestReader.go:44.36,46.2 1 171031
ci.guzzler.io/guzzler/corcel/request/RequestReader.go:49.46,51.2 1 168682
ci.guzzler.io/guzzler/corcel/request/RequestStream.go:33.63,38.2 1 2311
ci.guzzler.io/guzzler/corcel/request/RequestStream.go:41.57,43.2 1 170962
ci.guzzler.io/guzzler/corcel/request/RequestStream.go:46.72,50.2 3 168662
ci.guzzler.io/guzzler/corcel/request/RequestStream.go:53.50,55.2 1 14559
ci.guzzler.io/guzzler/corcel/request/RequestStream.go:58.57,61.2 2 1
ci.guzzler.io/guzzler/corcel/request/RequestStream.go:64.53,66.2 1 2
ci.guzzler.io/guzzler/corcel/request/RequestStream.go:75.59,80.2 1 4
ci.guzzler.io/guzzler/corcel/request/RequestStream.go:83.53,85.2 1 24
ci.guzzler.io/guzzler/corcel/request/RequestStream.go:88.68,89.33 1 21
ci.guzzler.io/guzzler/corcel/request/RequestStream.go:92.2,93.14 2 21
ci.guzzler.io/guzzler/corcel/request/RequestStream.go:96.2,99.18 4 21
ci.guzzler.io/guzzler/corcel/request/RequestStream.go:89.33,90.31 1 0
ci.guzzler.io/guzzler/corcel/request/RequestStream.go:93.14,95.3 1 1
ci.guzzler.io/guzzler/corcel/request/RequestStream.go:103.46,105.2 1 0
ci.guzzler.io/guzzler/corcel/request/RequestStream.go:108.53,111.2 2 0
ci.guzzler.io/guzzler/corcel/request/RequestStream.go:114.49,116.2 1 1
ci.guzzler.io/guzzler/corcel/request/RequestStream.go:126.92,131.2 1 3
ci.guzzler.io/guzzler/corcel/request/RequestStream.go:134.56,135.29 1 145603
ci.guzzler.io/guzzler/corcel/request/RequestStream.go:138.2,138.55 1 145603
ci.guzzler.io/guzzler/corcel/request/RequestStream.go:135.29,137.3 1 3
ci.guzzler.io/guzzler/corcel/request/RequestStream.go:142.71,143.32 1 145603
ci.guzzler.io/guzzler/corcel/request/RequestStream.go:146.2,146.31 1 145603
ci.guzzler.io/guzzler/corcel/request/RequestStream.go:143.32,145.3 1 14560
ci.guzzler.io/guzzler/corcel/request/RequestStream.go:150.49,152.2 1 0
ci.guzzler.io/guzzler/corcel/request/RequestStream.go:155.56,158.2 2 1
ci.guzzler.io/guzzler/corcel/request/RequestStream.go:161.52,163.2 1 2
ci.guzzler.io/guzzler/corcel/request/CommandLineLexer.go:20.46,22.2 1 168725
ci.guzzler.io/guzzler/corcel/request/CommandLineLexer.go:25.57,26.32 1 506335
ci.guzzler.io/guzzler/corcel/request/CommandLineLexer.go:26.32,30.3 3 168766
ci.guzzler.io/guzzler/corcel/request/CommandLineLexer.go:30.3,32.3 1 337569
ci.guzzler.io/guzzler/corcel/request/CommandLineLexer.go:36.62,37.17 1 846424
ci.guzzler.io/guzzler/corcel/request/CommandLineLexer.go:37.17,38.25 1 168996
ci.guzzler.io/guzzler/corcel/request/CommandLineLexer.go:38.25,40.4 1 252
ci.guzzler.io/guzzler/corcel/request/CommandLineLexer.go:40.4,41.28 1 168745
ci.guzzler.io/guzzler/corcel/request/CommandLineLexer.go:41.28,45.5 3 168737
ci.guzzler.io/guzzler/corcel/request/CommandLineLexer.go:47.3,47.40 1 677441
ci.guzzler.io/guzzler/corcel/request/CommandLineLexer.go:47.40,48.26 1 90
ci.guzzler.io/guzzler/corcel/request/CommandLineLexer.go:48.26,51.4 2 41
ci.guzzler.io/guzzler/corcel/request/CommandLineLexer.go:51.4,52.38 1 49
ci.guzzler.io/guzzler/corcel/request/CommandLineLexer.go:52.38,54.5 1 41
ci.guzzler.io/guzzler/corcel/request/CommandLineLexer.go:54.5,56.5 1 8
ci.guzzler.io/guzzler/corcel/request/CommandLineLexer.go:58.3,60.3 1 677359
ci.guzzler.io/guzzler/corcel/request/CommandLineLexer.go:64.58,65.17 1 4234843
ci.guzzler.io/guzzler/corcel/request/CommandLineLexer.go:65.17,69.3 3 168721
ci.guzzler.io/guzzler/corcel/request/CommandLineLexer.go:69.3,71.3 1 4066136
ci.guzzler.io/guzzler/corcel/request/CommandLineLexer.go:75.52,76.17 1 337521
ci.guzzler.io/guzzler/corcel/request/CommandLineLexer.go:76.17,79.3 2 168773
ci.guzzler.io/guzzler/corcel/request/CommandLineLexer.go:79.3,79.24 1 168748
ci.guzzler.io/guzzler/corcel/request/CommandLineLexer.go:79.24,81.3 1 24
ci.guzzler.io/guzzler/corcel/request/CommandLineLexer.go:81.3,84.3 2 168725
ci.guzzler.io/guzzler/corcel/request/CommandLineLexer.go:88.61,92.28 4 168734
ci.guzzler.io/guzzler/corcel/request/CommandLineLexer.go:95.2,95.26 1 168734
ci.guzzler.io/guzzler/corcel/request/CommandLineLexer.go:98.2,98.22 1 168734
ci.guzzler.io/guzzler/corcel/request/CommandLineLexer.go:92.28,94.3 1 5587788
ci.guzzler.io/guzzler/corcel/request/CommandLineLexer.go:95.26,97.3 1 34
ci.guzzler.io/guzzler/corcel/request/RequestAdapter.go:15.23,16.16 1 135768
ci.guzzler.io/guzzler/corcel/request/RequestAdapter.go:16.16,18.3 1 0
ci.guzzler.io/guzzler/corcel/request/RequestAdapter.go:27.34,36.2 1 42
ci.guzzler.io/guzzler/corcel/request/RequestAdapter.go:42.94,45.2 2 168721
ci.guzzler.io/guzzler/corcel/request/RequestAdapter.go:48.94,54.2 4 13
ci.guzzler.io/guzzler/corcel/request/RequestAdapter.go:57.103,60.42 2 7
ci.guzzler.io/guzzler/corcel/request/RequestAdapter.go:73.2,73.8 1 7
ci.guzzler.io/guzzler/corcel/request/RequestAdapter.go:60.42,63.3 2 1
ci.guzzler.io/guzzler/corcel/request/RequestAdapter.go:63.3,66.38 3 6
ci.guzzler.io/guzzler/corcel/request/RequestAdapter.go:71.3,71.68 1 6
ci.guzzler.io/guzzler/corcel/request/RequestAdapter.go:66.38,68.4 1 3
ci.guzzler.io/guzzler/corcel/request/RequestAdapter.go:68.4,70.4 1 3
ci.guzzler.io/guzzler/corcel/request/RequestAdapter.go:77.97,80.2 2 13
ci.guzzler.io/guzzler/corcel/request/RequestAdapter.go:83.50,84.44 1 213
ci.guzzler.io/guzzler/corcel/request/RequestAdapter.go:84.44,89.17 5 168727
ci.guzzler.io/guzzler/corcel/request/RequestAdapter.go:92.3,93.17 2 168725
ci.guzzler.io/guzzler/corcel/request/RequestAdapter.go:96.3,96.32 1 168725
ci.guzzler.io/guzzler/corcel/request/RequestAdapter.go:104.3,104.18 1 168726
ci.guzzler.io/guzzler/corcel/request/RequestAdapter.go:89.17,91.4 1 1
ci.guzzler.io/guzzler/corcel/request/RequestAdapter.go:93.17,95.4 1 0
ci.guzzler.io/guzzler/corcel/request/RequestAdapter.go:96.32,98.48 2 506245
ci.guzzler.io/guzzler/corcel/request/RequestAdapter.go:98.48,99.19 1 2024980
ci.guzzler.io/guzzler/corcel/request/RequestAdapter.go:99.19,101.6 1 168759
ci.guzzler.io/guzzler/corcel/request/RequestAdapter.go:108.67,109.53 1 0
ci.guzzler.io/guzzler/corcel/request/RequestAdapter.go:113.2,114.16 2 0
ci.guzzler.io/guzzler/corcel/request/RequestAdapter.go:118.2,118.30 1 0
ci.guzzler.io/guzzler/corcel/request/RequestAdapter.go:109.53,112.3 2 0
ci.guzzler.io/guzzler/corcel/request/RequestAdapter.go:114.16,117.3 2 0
