mode: atomic
ci.guzzler.io/guzzler/corcel/processor/Control.go:37.87,47.12 7 0
ci.guzzler.io/guzzler/corcel/processor/Control.go:56.2,62.17 7 0
ci.guzzler.io/guzzler/corcel/processor/Control.go:47.12,48.53 1 0
ci.guzzler.io/guzzler/corcel/processor/Control.go:54.3,54.12 1 0
ci.guzzler.io/guzzler/corcel/processor/Control.go:48.53,50.65 2 0
ci.guzzler.io/guzzler/corcel/processor/Control.go:50.65,52.5 1 0
ci.guzzler.io/guzzler/corcel/processor/Control.go:66.78,69.18 3 0
ci.guzzler.io/guzzler/corcel/processor/Control.go:92.2,92.13 1 0
ci.guzzler.io/guzzler/corcel/processor/Control.go:69.18,71.3 1 0
ci.guzzler.io/guzzler/corcel/processor/Control.go:71.3,74.21 3 0
ci.guzzler.io/guzzler/corcel/processor/Control.go:77.3,79.42 3 0
ci.guzzler.io/guzzler/corcel/processor/Control.go:83.3,83.42 1 0
ci.guzzler.io/guzzler/corcel/processor/Control.go:87.3,88.17 2 0
ci.guzzler.io/guzzler/corcel/processor/Control.go:74.21,75.18 1 0
ci.guzzler.io/guzzler/corcel/processor/Control.go:79.42,81.4 1 0
ci.guzzler.io/guzzler/corcel/processor/Control.go:83.42,85.4 1 0
ci.guzzler.io/guzzler/corcel/processor/Control.go:88.17,89.14 1 0
ci.guzzler.io/guzzler/corcel/processor/Control.go:96.68,108.23 4 4
ci.guzzler.io/guzzler/corcel/processor/Control.go:142.2,142.13 1 4
ci.guzzler.io/guzzler/corcel/processor/Control.go:108.23,113.17 4 40
ci.guzzler.io/guzzler/corcel/processor/Control.go:116.3,119.26 3 40
ci.guzzler.io/guzzler/corcel/processor/Control.go:127.3,139.26 4 40
ci.guzzler.io/guzzler/corcel/processor/Control.go:113.17,115.4 1 0
ci.guzzler.io/guzzler/corcel/processor/Control.go:119.26,121.18 2 0
ci.guzzler.io/guzzler/corcel/processor/Control.go:121.18,123.5 1 0
ci.guzzler.io/guzzler/corcel/processor/Control.go:123.5,125.5 1 0
ci.guzzler.io/guzzler/corcel/processor/Control.go:147.81,151.2 2 0
ci.guzzler.io/guzzler/corcel/processor/Control.go:154.80,156.2 1 0
ci.guzzler.io/guzzler/corcel/processor/Control.go:159.54,161.2 1 0
ci.guzzler.io/guzzler/corcel/processor/Control.go:164.52,166.2 1 0
ci.guzzler.io/guzzler/corcel/processor/Control.go:169.66,177.2 3 0
ci.guzzler.io/guzzler/corcel/processor/ExecutionID.go:16.39,18.2 1 0
ci.guzzler.io/guzzler/corcel/processor/ExecutionID.go:21.35,24.2 2 0
ci.guzzler.io/guzzler/corcel/processor/ExecutionID.go:26.31,37.67 5 0
ci.guzzler.io/guzzler/corcel/processor/ExecutionID.go:49.2,49.18 1 0
ci.guzzler.io/guzzler/corcel/processor/ExecutionID.go:37.67,38.18 1 0
ci.guzzler.io/guzzler/corcel/processor/ExecutionID.go:41.3,41.64 1 0
ci.guzzler.io/guzzler/corcel/processor/ExecutionID.go:45.3,46.11 2 0
ci.guzzler.io/guzzler/corcel/processor/ExecutionID.go:38.18,40.4 1 0
ci.guzzler.io/guzzler/corcel/processor/ExecutionID.go:41.64,44.4 2 0
ci.guzzler.io/guzzler/corcel/processor/JobDurationStream.go:18.91,23.2 1 1
ci.guzzler.io/guzzler/corcel/processor/JobDurationStream.go:26.51,27.29 1 27187
ci.guzzler.io/guzzler/corcel/processor/JobDurationStream.go:30.2,30.55 1 27186
ci.guzzler.io/guzzler/corcel/processor/JobDurationStream.go:27.29,29.3 1 1
ci.guzzler.io/guzzler/corcel/processor/JobDurationStream.go:34.52,35.29 1 27186
ci.guzzler.io/guzzler/corcel/processor/JobDurationStream.go:38.2,38.32 1 27186
ci.guzzler.io/guzzler/corcel/processor/JobDurationStream.go:41.2,41.31 1 27186
ci.guzzler.io/guzzler/corcel/processor/JobDurationStream.go:35.29,37.3 1 1
ci.guzzler.io/guzzler/corcel/processor/JobDurationStream.go:38.32,40.3 1 2718
ci.guzzler.io/guzzler/corcel/processor/JobDurationStream.go:45.44,47.2 1 0
ci.guzzler.io/guzzler/corcel/processor/JobDurationStream.go:50.51,53.2 2 27684
ci.guzzler.io/guzzler/corcel/processor/JobDurationStream.go:56.47,58.2 1 27684
ci.guzzler.io/guzzler/corcel/processor/JobRandomStream.go:16.63,21.2 1 50
ci.guzzler.io/guzzler/corcel/processor/JobRandomStream.go:24.49,26.2 1 550
ci.guzzler.io/guzzler/corcel/processor/JobRandomStream.go:29.50,31.14 2 500
ci.guzzler.io/guzzler/corcel/processor/JobRandomStream.go:34.2,38.16 4 500
ci.guzzler.io/guzzler/corcel/processor/JobRandomStream.go:31.14,33.3 1 0
ci.guzzler.io/guzzler/corcel/processor/JobRandomStream.go:42.42,44.2 1 0
ci.guzzler.io/guzzler/corcel/processor/JobRandomStream.go:47.49,50.2 2 500
ci.guzzler.io/guzzler/corcel/processor/JobRandomStream.go:53.45,55.2 1 1550
ci.guzzler.io/guzzler/corcel/processor/JobRevolingStream.go:11.51,13.2 1 0
ci.guzzler.io/guzzler/corcel/processor/JobRevolingStream.go:16.52,17.32 1 0
ci.guzzler.io/guzzler/corcel/processor/JobRevolingStream.go:20.2,20.31 1 0
ci.guzzler.io/guzzler/corcel/processor/JobRevolingStream.go:17.32,19.3 1 0
ci.guzzler.io/guzzler/corcel/processor/JobRevolingStream.go:24.44,26.2 1 0
ci.guzzler.io/guzzler/corcel/processor/JobRevolingStream.go:29.51,31.2 1 0
ci.guzzler.io/guzzler/corcel/processor/JobRevolingStream.go:34.47,36.2 1 0
ci.guzzler.io/guzzler/corcel/processor/JobSequentialStream.go:16.71,21.2 1 57
ci.guzzler.io/guzzler/corcel/processor/JobSequentialStream.go:24.53,26.2 1 27252
ci.guzzler.io/guzzler/corcel/processor/JobSequentialStream.go:29.54,33.2 3 27246
ci.guzzler.io/guzzler/corcel/processor/JobSequentialStream.go:36.46,38.2 1 2718
ci.guzzler.io/guzzler/corcel/processor/JobSequentialStream.go:41.53,44.2 2 60
ci.guzzler.io/guzzler/corcel/processor/JobSequentialStream.go:47.49,49.2 1 27312
ci.guzzler.io/guzzler/corcel/processor/PlanExecutor.go:14.96,15.26 1 110984
ci.guzzler.io/guzzler/corcel/processor/PlanExecutor.go:18.2,18.15 1 110984
ci.guzzler.io/guzzler/corcel/processor/PlanExecutor.go:15.26,17.3 1 0
ci.guzzler.io/guzzler/corcel/processor/PlanExecutor.go:39.86,48.2 1 4
ci.guzzler.io/guzzler/corcel/processor/PlanExecutor.go:50.108,52.45 2 27746
ci.guzzler.io/guzzler/corcel/processor/PlanExecutor.go:58.2,60.50 2 27746
ci.guzzler.io/guzzler/corcel/processor/PlanExecutor.go:64.2,65.40 2 27746
ci.guzzler.io/guzzler/corcel/processor/PlanExecutor.go:69.2,71.24 2 27746
ci.guzzler.io/guzzler/corcel/processor/PlanExecutor.go:75.2,81.44 5 27746
ci.guzzler.io/guzzler/corcel/processor/PlanExecutor.go:101.2,104.44 4 27746
ci.guzzler.io/guzzler/corcel/processor/PlanExecutor.go:108.2,110.24 2 27746
ci.guzzler.io/guzzler/corcel/processor/PlanExecutor.go:52.45,56.3 3 39
ci.guzzler.io/guzzler/corcel/processor/PlanExecutor.go:60.50,62.3 1 0
ci.guzzler.io/guzzler/corcel/processor/PlanExecutor.go:65.40,67.3 1 0
ci.guzzler.io/guzzler/corcel/processor/PlanExecutor.go:71.24,73.3 1 27746
ci.guzzler.io/guzzler/corcel/processor/PlanExecutor.go:81.44,84.34 2 0
ci.guzzler.io/guzzler/corcel/processor/PlanExecutor.go:96.3,96.37 1 0
ci.guzzler.io/guzzler/corcel/processor/PlanExecutor.go:85.3,87.15 2 0
ci.guzzler.io/guzzler/corcel/processor/PlanExecutor.go:88.3,90.15 2 0
ci.guzzler.io/guzzler/corcel/processor/PlanExecutor.go:91.3,92.115 1 0
ci.guzzler.io/guzzler/corcel/processor/PlanExecutor.go:96.37,98.4 1 0
ci.guzzler.io/guzzler/corcel/processor/PlanExecutor.go:104.44,107.3 2 0
ci.guzzler.io/guzzler/corcel/processor/PlanExecutor.go:113.93,114.15 1 27746
ci.guzzler.io/guzzler/corcel/processor/PlanExecutor.go:119.2,121.49 3 27746
ci.guzzler.io/guzzler/corcel/processor/PlanExecutor.go:125.2,125.27 1 27746
ci.guzzler.io/guzzler/corcel/processor/PlanExecutor.go:114.15,115.35 1 27746
ci.guzzler.io/guzzler/corcel/processor/PlanExecutor.go:115.35,117.4 1 0
ci.guzzler.io/guzzler/corcel/processor/PlanExecutor.go:121.49,123.3 1 10
ci.guzzler.io/guzzler/corcel/processor/PlanExecutor.go:125.27,131.3 3 27746
ci.guzzler.io/guzzler/corcel/processor/PlanExecutor.go:134.66,140.28 4 57
ci.guzzler.io/guzzler/corcel/processor/PlanExecutor.go:143.2,143.49 1 57
ci.guzzler.io/guzzler/corcel/processor/PlanExecutor.go:158.2,158.26 1 57
ci.guzzler.io/guzzler/corcel/processor/PlanExecutor.go:140.28,142.3 1 50
ci.guzzler.io/guzzler/corcel/processor/PlanExecutor.go:143.49,146.13 3 1
ci.guzzler.io/guzzler/corcel/processor/PlanExecutor.go:151.3,151.51 1 1
ci.guzzler.io/guzzler/corcel/processor/PlanExecutor.go:146.13,147.27 1 1
ci.guzzler.io/guzzler/corcel/processor/PlanExecutor.go:147.27,149.5 1 498
ci.guzzler.io/guzzler/corcel/processor/PlanExecutor.go:151.51,155.4 3 1
ci.guzzler.io/guzzler/corcel/processor/PlanExecutor.go:158.26,162.3 3 27746
ci.guzzler.io/guzzler/corcel/processor/PlanExecutor.go:165.59,168.47 3 53
ci.guzzler.io/guzzler/corcel/processor/PlanExecutor.go:174.2,174.11 1 53
ci.guzzler.io/guzzler/corcel/processor/PlanExecutor.go:168.47,169.36 1 57
ci.guzzler.io/guzzler/corcel/processor/PlanExecutor.go:169.36,172.4 2 57
ci.guzzler.io/guzzler/corcel/processor/PlanExecutor.go:178.61,184.2 4 53
ci.guzzler.io/guzzler/corcel/processor/StepDelayStream.go:16.84,21.2 1 10
ci.guzzler.io/guzzler/corcel/processor/StepDelayStream.go:24.48,26.2 1 20
ci.guzzler.io/guzzler/corcel/processor/StepDelayStream.go:29.50,33.2 3 10
ci.guzzler.io/guzzler/corcel/processor/StepDelayStream.go:36.41,38.2 1 0
ci.guzzler.io/guzzler/corcel/processor/StepDelayStream.go:41.48,43.2 1 0
ci.guzzler.io/guzzler/corcel/processor/StepDelayStream.go:46.44,48.2 1 0
ci.guzzler.io/guzzler/corcel/processor/StepSequentialStream.go:16.74,21.2 1 27746
ci.guzzler.io/guzzler/corcel/processor/StepSequentialStream.go:24.54,26.2 1 55492
ci.guzzler.io/guzzler/corcel/processor/StepSequentialStream.go:29.56,33.2 3 27746
ci.guzzler.io/guzzler/corcel/processor/StepSequentialStream.go:36.47,38.2 1 0
ci.guzzler.io/guzzler/corcel/processor/StepSequentialStream.go:41.54,44.2 2 0
ci.guzzler.io/guzzler/corcel/processor/StepSequentialStream.go:47.50,49.2 1 55492
