mode: atomic
ci.guzzler.io/guzzler/corcel/processor/JobDurationStream.go:18.91,23.2 1 1
ci.guzzler.io/guzzler/corcel/processor/JobDurationStream.go:26.51,27.29 1 37578
ci.guzzler.io/guzzler/corcel/processor/JobDurationStream.go:30.2,30.55 1 37577
ci.guzzler.io/guzzler/corcel/processor/JobDurationStream.go:27.29,29.3 1 1
ci.guzzler.io/guzzler/corcel/processor/JobDurationStream.go:34.52,35.29 1 37577
ci.guzzler.io/guzzler/corcel/processor/JobDurationStream.go:38.2,38.32 1 37577
ci.guzzler.io/guzzler/corcel/processor/JobDurationStream.go:41.2,41.31 1 37577
ci.guzzler.io/guzzler/corcel/processor/JobDurationStream.go:35.29,37.3 1 1
ci.guzzler.io/guzzler/corcel/processor/JobDurationStream.go:38.32,40.3 1 3757
ci.guzzler.io/guzzler/corcel/processor/JobDurationStream.go:45.44,47.2 1 0
ci.guzzler.io/guzzler/corcel/processor/JobDurationStream.go:50.51,53.2 2 38069
ci.guzzler.io/guzzler/corcel/processor/JobDurationStream.go:56.47,58.2 1 38069
ci.guzzler.io/guzzler/corcel/processor/JobRandomStream.go:16.63,21.2 1 50
ci.guzzler.io/guzzler/corcel/processor/JobRandomStream.go:24.49,26.2 1 550
ci.guzzler.io/guzzler/corcel/processor/JobRandomStream.go:29.50,31.14 2 500
ci.guzzler.io/guzzler/corcel/processor/JobRandomStream.go:34.2,38.16 4 500
ci.guzzler.io/guzzler/corcel/processor/JobRandomStream.go:31.14,33.3 1 0
ci.guzzler.io/guzzler/corcel/processor/JobRandomStream.go:42.42,44.2 1 0
ci.guzzler.io/guzzler/corcel/processor/JobRandomStream.go:47.49,50.2 2 500
ci.guzzler.io/guzzler/corcel/processor/JobRandomStream.go:53.45,55.2 1 1550
ci.guzzler.io/guzzler/corcel/processor/JobRevolingStream.go:11.51,13.2 1 0
ci.guzzler.io/guzzler/corcel/processor/JobRevolingStream.go:16.52,17.32 1 0
ci.guzzler.io/guzzler/corcel/processor/JobRevolingStream.go:20.2,20.31 1 0
ci.guzzler.io/guzzler/corcel/processor/JobRevolingStream.go:17.32,19.3 1 0
ci.guzzler.io/guzzler/corcel/processor/JobRevolingStream.go:24.44,26.2 1 0
ci.guzzler.io/guzzler/corcel/processor/JobRevolingStream.go:29.51,31.2 1 0
ci.guzzler.io/guzzler/corcel/processor/JobRevolingStream.go:34.47,36.2 1 0
ci.guzzler.io/guzzler/corcel/processor/PlanExecutor.go:14.96,15.26 1 152548
ci.guzzler.io/guzzler/corcel/processor/PlanExecutor.go:18.2,18.15 1 152548
ci.guzzler.io/guzzler/corcel/processor/PlanExecutor.go:15.26,17.3 1 0
ci.guzzler.io/guzzler/corcel/processor/PlanExecutor.go:40.86,50.2 1 4
ci.guzzler.io/guzzler/corcel/processor/PlanExecutor.go:52.108,54.45 2 38137
ci.guzzler.io/guzzler/corcel/processor/PlanExecutor.go:62.2,64.50 2 38137
ci.guzzler.io/guzzler/corcel/processor/PlanExecutor.go:68.2,69.40 2 38137
ci.guzzler.io/guzzler/corcel/processor/PlanExecutor.go:73.2,75.24 2 38137
ci.guzzler.io/guzzler/corcel/processor/PlanExecutor.go:79.2,85.44 5 38137
ci.guzzler.io/guzzler/corcel/processor/PlanExecutor.go:105.2,108.44 4 38137
ci.guzzler.io/guzzler/corcel/processor/PlanExecutor.go:112.2,114.24 2 38137
ci.guzzler.io/guzzler/corcel/processor/PlanExecutor.go:54.45,60.3 5 39
ci.guzzler.io/guzzler/corcel/processor/PlanExecutor.go:64.50,66.3 1 0
ci.guzzler.io/guzzler/corcel/processor/PlanExecutor.go:69.40,71.3 1 0
ci.guzzler.io/guzzler/corcel/processor/PlanExecutor.go:75.24,77.3 1 38137
ci.guzzler.io/guzzler/corcel/processor/PlanExecutor.go:85.44,88.34 2 0
ci.guzzler.io/guzzler/corcel/processor/PlanExecutor.go:100.3,100.37 1 0
ci.guzzler.io/guzzler/corcel/processor/PlanExecutor.go:89.3,91.15 2 0
ci.guzzler.io/guzzler/corcel/processor/PlanExecutor.go:92.3,94.15 2 0
ci.guzzler.io/guzzler/corcel/processor/PlanExecutor.go:95.3,96.115 1 0
ci.guzzler.io/guzzler/corcel/processor/PlanExecutor.go:100.37,102.4 1 0
ci.guzzler.io/guzzler/corcel/processor/PlanExecutor.go:108.44,111.3 2 0
ci.guzzler.io/guzzler/corcel/processor/PlanExecutor.go:117.93,118.15 1 38137
ci.guzzler.io/guzzler/corcel/processor/PlanExecutor.go:123.2,125.49 3 38137
ci.guzzler.io/guzzler/corcel/processor/PlanExecutor.go:129.2,129.27 1 38137
ci.guzzler.io/guzzler/corcel/processor/PlanExecutor.go:118.15,119.35 1 38137
ci.guzzler.io/guzzler/corcel/processor/PlanExecutor.go:119.35,121.4 1 0
ci.guzzler.io/guzzler/corcel/processor/PlanExecutor.go:125.49,127.3 1 10
ci.guzzler.io/guzzler/corcel/processor/PlanExecutor.go:129.27,135.3 3 38137
ci.guzzler.io/guzzler/corcel/processor/PlanExecutor.go:138.66,144.28 4 57
ci.guzzler.io/guzzler/corcel/processor/PlanExecutor.go:147.2,147.49 1 57
ci.guzzler.io/guzzler/corcel/processor/PlanExecutor.go:162.2,162.26 1 57
ci.guzzler.io/guzzler/corcel/processor/PlanExecutor.go:144.28,146.3 1 50
ci.guzzler.io/guzzler/corcel/processor/PlanExecutor.go:147.49,150.13 3 1
ci.guzzler.io/guzzler/corcel/processor/PlanExecutor.go:155.3,155.51 1 1
ci.guzzler.io/guzzler/corcel/processor/PlanExecutor.go:150.13,151.27 1 1
ci.guzzler.io/guzzler/corcel/processor/PlanExecutor.go:151.27,153.5 1 492
ci.guzzler.io/guzzler/corcel/processor/PlanExecutor.go:155.51,159.4 3 1
ci.guzzler.io/guzzler/corcel/processor/PlanExecutor.go:162.26,166.3 3 38137
ci.guzzler.io/guzzler/corcel/processor/PlanExecutor.go:169.59,172.47 3 53
ci.guzzler.io/guzzler/corcel/processor/PlanExecutor.go:178.2,178.11 1 53
ci.guzzler.io/guzzler/corcel/processor/PlanExecutor.go:172.47,173.36 1 57
ci.guzzler.io/guzzler/corcel/processor/PlanExecutor.go:173.36,176.4 2 57
ci.guzzler.io/guzzler/corcel/processor/PlanExecutor.go:182.61,188.2 4 53
ci.guzzler.io/guzzler/corcel/processor/StepSequentialStream.go:16.74,21.2 1 38137
ci.guzzler.io/guzzler/corcel/processor/StepSequentialStream.go:24.54,26.2 1 76274
ci.guzzler.io/guzzler/corcel/processor/StepSequentialStream.go:29.56,33.2 3 38137
ci.guzzler.io/guzzler/corcel/processor/StepSequentialStream.go:36.47,38.2 1 0
ci.guzzler.io/guzzler/corcel/processor/StepSequentialStream.go:41.54,44.2 2 0
ci.guzzler.io/guzzler/corcel/processor/StepSequentialStream.go:47.50,49.2 1 76274
ci.guzzler.io/guzzler/corcel/processor/Control.go:37.87,47.12 7 0
ci.guzzler.io/guzzler/corcel/processor/Control.go:56.2,62.17 7 0
ci.guzzler.io/guzzler/corcel/processor/Control.go:47.12,48.53 1 0
ci.guzzler.io/guzzler/corcel/processor/Control.go:54.3,54.12 1 0
ci.guzzler.io/guzzler/corcel/processor/Control.go:48.53,50.65 2 0
ci.guzzler.io/guzzler/corcel/processor/Control.go:50.65,52.5 1 0
ci.guzzler.io/guzzler/corcel/processor/Control.go:66.78,69.18 3 0
ci.guzzler.io/guzzler/corcel/processor/Control.go:92.2,92.13 1 0
ci.guzzler.io/guzzler/corcel/processor/Control.go:69.18,71.3 1 0
ci.guzzler.io/guzzler/corcel/processor/Control.go:71.3,74.21 3 0
ci.guzzler.io/guzzler/corcel/processor/Control.go:77.3,79.42 3 0
ci.guzzler.io/guzzler/corcel/processor/Control.go:83.3,83.42 1 0
ci.guzzler.io/guzzler/corcel/processor/Control.go:87.3,88.17 2 0
ci.guzzler.io/guzzler/corcel/processor/Control.go:74.21,75.18 1 0
ci.guzzler.io/guzzler/corcel/processor/Control.go:79.42,81.4 1 0
ci.guzzler.io/guzzler/corcel/processor/Control.go:83.42,85.4 1 0
ci.guzzler.io/guzzler/corcel/processor/Control.go:88.17,89.14 1 0
ci.guzzler.io/guzzler/corcel/processor/Control.go:96.68,108.23 4 4
ci.guzzler.io/guzzler/corcel/processor/Control.go:142.2,142.13 1 4
ci.guzzler.io/guzzler/corcel/processor/Control.go:108.23,113.17 4 40
ci.guzzler.io/guzzler/corcel/processor/Control.go:116.3,119.26 3 40
ci.guzzler.io/guzzler/corcel/processor/Control.go:127.3,139.26 4 40
ci.guzzler.io/guzzler/corcel/processor/Control.go:113.17,115.4 1 0
ci.guzzler.io/guzzler/corcel/processor/Control.go:119.26,121.18 2 0
ci.guzzler.io/guzzler/corcel/processor/Control.go:121.18,123.5 1 0
ci.guzzler.io/guzzler/corcel/processor/Control.go:123.5,125.5 1 0
ci.guzzler.io/guzzler/corcel/processor/Control.go:147.81,151.2 2 0
ci.guzzler.io/guzzler/corcel/processor/Control.go:154.80,156.2 1 0
ci.guzzler.io/guzzler/corcel/processor/Control.go:159.54,161.2 1 0
ci.guzzler.io/guzzler/corcel/processor/Control.go:164.52,166.2 1 0
ci.guzzler.io/guzzler/corcel/processor/Control.go:169.66,177.2 3 0
ci.guzzler.io/guzzler/corcel/processor/ExecutionID.go:16.39,18.2 1 0
ci.guzzler.io/guzzler/corcel/processor/ExecutionID.go:21.35,24.2 2 0
ci.guzzler.io/guzzler/corcel/processor/ExecutionID.go:26.31,37.67 5 0
ci.guzzler.io/guzzler/corcel/processor/ExecutionID.go:49.2,49.18 1 0
ci.guzzler.io/guzzler/corcel/processor/ExecutionID.go:37.67,38.18 1 0
ci.guzzler.io/guzzler/corcel/processor/ExecutionID.go:41.3,41.64 1 0
ci.guzzler.io/guzzler/corcel/processor/ExecutionID.go:45.3,46.11 2 0
ci.guzzler.io/guzzler/corcel/processor/ExecutionID.go:38.18,40.4 1 0
ci.guzzler.io/guzzler/corcel/processor/ExecutionID.go:41.64,44.4 2 0
ci.guzzler.io/guzzler/corcel/processor/StepDelayStream.go:16.84,21.2 1 10
ci.guzzler.io/guzzler/corcel/processor/StepDelayStream.go:24.48,26.2 1 20
ci.guzzler.io/guzzler/corcel/processor/StepDelayStream.go:29.50,33.2 3 10
ci.guzzler.io/guzzler/corcel/processor/StepDelayStream.go:36.41,38.2 1 0
ci.guzzler.io/guzzler/corcel/processor/StepDelayStream.go:41.48,43.2 1 0
ci.guzzler.io/guzzler/corcel/processor/StepDelayStream.go:46.44,48.2 1 0
ci.guzzler.io/guzzler/corcel/processor/JobSequentialStream.go:16.71,21.2 1 57
ci.guzzler.io/guzzler/corcel/processor/JobSequentialStream.go:24.53,26.2 1 37643
ci.guzzler.io/guzzler/corcel/processor/JobSequentialStream.go:29.54,33.2 3 37637
ci.guzzler.io/guzzler/corcel/processor/JobSequentialStream.go:36.46,38.2 1 3757
ci.guzzler.io/guzzler/corcel/processor/JobSequentialStream.go:41.53,44.2 2 60
ci.guzzler.io/guzzler/corcel/processor/JobSequentialStream.go:47.49,49.2 1 37703
