mode: atomic
ci.guzzler.io/guzzler/corcel/assertions/EmptyAssertion.go:15.52,17.2 1 4
ci.guzzler.io/guzzler/corcel/assertions/EmptyAssertion.go:20.99,28.38 3 4
ci.guzzler.io/guzzler/corcel/assertions/EmptyAssertion.go:40.2,40.30 1 4
ci.guzzler.io/guzzler/corcel/assertions/EmptyAssertion.go:44.2,44.15 1 4
ci.guzzler.io/guzzler/corcel/assertions/EmptyAssertion.go:29.2,31.18 2 2
ci.guzzler.io/guzzler/corcel/assertions/EmptyAssertion.go:34.2,35.20 1 2
ci.guzzler.io/guzzler/corcel/assertions/EmptyAssertion.go:31.18,33.4 1 2
ci.guzzler.io/guzzler/corcel/assertions/EmptyAssertion.go:35.20,37.4 1 1
ci.guzzler.io/guzzler/corcel/assertions/EmptyAssertion.go:40.30,43.3 2 1
ci.guzzler.io/guzzler/corcel/assertions/ExactAssertion.go:15.52,17.2 1 2
ci.guzzler.io/guzzler/corcel/assertions/ExactAssertion.go:20.99,28.30 3 2
ci.guzzler.io/guzzler/corcel/assertions/ExactAssertion.go:34.2,34.15 1 2
ci.guzzler.io/guzzler/corcel/assertions/ExactAssertion.go:28.30,30.3 1 1
ci.guzzler.io/guzzler/corcel/assertions/ExactAssertion.go:30.3,33.3 2 1
ci.guzzler.io/guzzler/corcel/assertions/GreaterThanAssertion.go:16.58,18.2 1 35
ci.guzzler.io/guzzler/corcel/assertions/GreaterThanAssertion.go:21.105,33.37 3 35
ci.guzzler.io/guzzler/corcel/assertions/GreaterThanAssertion.go:100.2,100.38 1 35
ci.guzzler.io/guzzler/corcel/assertions/GreaterThanAssertion.go:103.2,103.15 1 35
ci.guzzler.io/guzzler/corcel/assertions/GreaterThanAssertion.go:34.2,35.48 1 7
ci.guzzler.io/guzzler/corcel/assertions/GreaterThanAssertion.go:52.2,53.48 1 8
ci.guzzler.io/guzzler/corcel/assertions/GreaterThanAssertion.go:68.2,69.48 1 15
ci.guzzler.io/guzzler/corcel/assertions/GreaterThanAssertion.go:95.2,96.27 1 5
ci.guzzler.io/guzzler/corcel/assertions/GreaterThanAssertion.go:36.3,38.9 2 3
ci.guzzler.io/guzzler/corcel/assertions/GreaterThanAssertion.go:39.3,41.9 2 1
ci.guzzler.io/guzzler/corcel/assertions/GreaterThanAssertion.go:42.3,44.18 2 2
ci.guzzler.io/guzzler/corcel/assertions/GreaterThanAssertion.go:49.3,50.27 1 1
ci.guzzler.io/guzzler/corcel/assertions/GreaterThanAssertion.go:44.18,46.5 1 1
ci.guzzler.io/guzzler/corcel/assertions/GreaterThanAssertion.go:46.5,48.5 1 1
ci.guzzler.io/guzzler/corcel/assertions/GreaterThanAssertion.go:54.3,55.57 1 2
ci.guzzler.io/guzzler/corcel/assertions/GreaterThanAssertion.go:56.3,57.48 1 3
ci.guzzler.io/guzzler/corcel/assertions/GreaterThanAssertion.go:58.3,60.18 2 2
ci.guzzler.io/guzzler/corcel/assertions/GreaterThanAssertion.go:65.3,66.27 1 1
ci.guzzler.io/guzzler/corcel/assertions/GreaterThanAssertion.go:60.18,62.5 1 1
ci.guzzler.io/guzzler/corcel/assertions/GreaterThanAssertion.go:62.5,64.5 1 1
ci.guzzler.io/guzzler/corcel/assertions/GreaterThanAssertion.go:70.3,72.18 2 4
ci.guzzler.io/guzzler/corcel/assertions/GreaterThanAssertion.go:77.3,79.18 2 4
ci.guzzler.io/guzzler/corcel/assertions/GreaterThanAssertion.go:84.3,87.52 3 5
ci.guzzler.io/guzzler/corcel/assertions/GreaterThanAssertion.go:92.3,93.27 1 2
ci.guzzler.io/guzzler/corcel/assertions/GreaterThanAssertion.go:72.18,74.5 1 1
ci.guzzler.io/guzzler/corcel/assertions/GreaterThanAssertion.go:74.5,76.5 1 3
ci.guzzler.io/guzzler/corcel/assertions/GreaterThanAssertion.go:79.18,81.5 1 1
ci.guzzler.io/guzzler/corcel/assertions/GreaterThanAssertion.go:81.5,83.5 1 3
ci.guzzler.io/guzzler/corcel/assertions/GreaterThanAssertion.go:87.52,89.5 1 3
ci.guzzler.io/guzzler/corcel/assertions/GreaterThanAssertion.go:89.5,91.5 1 2
ci.guzzler.io/guzzler/corcel/assertions/GreaterThanAssertion.go:100.38,102.3 1 22
ci.guzzler.io/guzzler/corcel/assertions/GreaterThanOrEqualAssertion.go:16.65,18.2 1 39
ci.guzzler.io/guzzler/corcel/assertions/GreaterThanOrEqualAssertion.go:21.112,33.37 3 39
ci.guzzler.io/guzzler/corcel/assertions/GreaterThanOrEqualAssertion.go:100.2,100.38 1 39
ci.guzzler.io/guzzler/corcel/assertions/GreaterThanOrEqualAssertion.go:103.2,103.15 1 39
ci.guzzler.io/guzzler/corcel/assertions/GreaterThanOrEqualAssertion.go:34.2,35.48 1 8
ci.guzzler.io/guzzler/corcel/assertions/GreaterThanOrEqualAssertion.go:52.2,53.48 1 10
ci.guzzler.io/guzzler/corcel/assertions/GreaterThanOrEqualAssertion.go:68.2,69.48 1 16
ci.guzzler.io/guzzler/corcel/assertions/GreaterThanOrEqualAssertion.go:95.2,96.27 1 5
ci.guzzler.io/guzzler/corcel/assertions/GreaterThanOrEqualAssertion.go:36.3,38.9 2 3
ci.guzzler.io/guzzler/corcel/assertions/GreaterThanOrEqualAssertion.go:39.3,41.9 2 1
ci.guzzler.io/guzzler/corcel/assertions/GreaterThanOrEqualAssertion.go:42.3,44.18 2 3
ci.guzzler.io/guzzler/corcel/assertions/GreaterThanOrEqualAssertion.go:49.3,50.27 1 1
ci.guzzler.io/guzzler/corcel/assertions/GreaterThanOrEqualAssertion.go:44.18,46.5 1 1
ci.guzzler.io/guzzler/corcel/assertions/GreaterThanOrEqualAssertion.go:46.5,48.5 1 2
ci.guzzler.io/guzzler/corcel/assertions/GreaterThanOrEqualAssertion.go:54.3,55.58 1 3
ci.guzzler.io/guzzler/corcel/assertions/GreaterThanOrEqualAssertion.go:56.3,57.49 1 3
ci.guzzler.io/guzzler/corcel/assertions/GreaterThanOrEqualAssertion.go:58.3,60.18 2 3
ci.guzzler.io/guzzler/corcel/assertions/GreaterThanOrEqualAssertion.go:65.3,66.27 1 1
ci.guzzler.io/guzzler/corcel/assertions/GreaterThanOrEqualAssertion.go:60.18,62.5 1 1
ci.guzzler.io/guzzler/corcel/assertions/GreaterThanOrEqualAssertion.go:62.5,64.5 1 2
ci.guzzler.io/guzzler/corcel/assertions/GreaterThanOrEqualAssertion.go:70.3,72.18 2 4
ci.guzzler.io/guzzler/corcel/assertions/GreaterThanOrEqualAssertion.go:77.3,79.18 2 4
ci.guzzler.io/guzzler/corcel/assertions/GreaterThanOrEqualAssertion.go:84.3,87.52 3 6
ci.guzzler.io/guzzler/corcel/assertions/GreaterThanOrEqualAssertion.go:92.3,93.27 1 2
ci.guzzler.io/guzzler/corcel/assertions/GreaterThanOrEqualAssertion.go:72.18,74.5 1 1
ci.guzzler.io/guzzler/corcel/assertions/GreaterThanOrEqualAssertion.go:74.5,76.5 1 3
ci.guzzler.io/guzzler/corcel/assertions/GreaterThanOrEqualAssertion.go:79.18,81.5 1 1
ci.guzzler.io/guzzler/corcel/assertions/GreaterThanOrEqualAssertion.go:81.5,83.5 1 3
ci.guzzler.io/guzzler/corcel/assertions/GreaterThanOrEqualAssertion.go:87.52,89.5 1 3
ci.guzzler.io/guzzler/corcel/assertions/GreaterThanOrEqualAssertion.go:89.5,91.5 1 3
ci.guzzler.io/guzzler/corcel/assertions/GreaterThanOrEqualAssertion.go:100.38,102.3 1 17
ci.guzzler.io/guzzler/corcel/assertions/LessThanAssertion.go:16.55,18.2 1 35
ci.guzzler.io/guzzler/corcel/assertions/LessThanAssertion.go:21.102,33.37 3 35
ci.guzzler.io/guzzler/corcel/assertions/LessThanAssertion.go:100.2,100.38 1 35
ci.guzzler.io/guzzler/corcel/assertions/LessThanAssertion.go:103.2,103.15 1 35
ci.guzzler.io/guzzler/corcel/assertions/LessThanAssertion.go:34.2,35.48 1 7
ci.guzzler.io/guzzler/corcel/assertions/LessThanAssertion.go:52.2,53.48 1 8
ci.guzzler.io/guzzler/corcel/assertions/LessThanAssertion.go:68.2,69.48 1 15
ci.guzzler.io/guzzler/corcel/assertions/LessThanAssertion.go:95.2,96.27 1 5
ci.guzzler.io/guzzler/corcel/assertions/LessThanAssertion.go:36.3,38.9 2 3
ci.guzzler.io/guzzler/corcel/assertions/LessThanAssertion.go:39.3,41.9 2 1
ci.guzzler.io/guzzler/corcel/assertions/LessThanAssertion.go:42.3,44.18 2 2
ci.guzzler.io/guzzler/corcel/assertions/LessThanAssertion.go:49.3,50.28 1 1
ci.guzzler.io/guzzler/corcel/assertions/LessThanAssertion.go:44.18,46.5 1 1
ci.guzzler.io/guzzler/corcel/assertions/LessThanAssertion.go:46.5,48.5 1 1
ci.guzzler.io/guzzler/corcel/assertions/LessThanAssertion.go:54.3,55.57 1 2
ci.guzzler.io/guzzler/corcel/assertions/LessThanAssertion.go:56.3,57.48 1 3
ci.guzzler.io/guzzler/corcel/assertions/LessThanAssertion.go:58.3,60.18 2 2
ci.guzzler.io/guzzler/corcel/assertions/LessThanAssertion.go:65.3,66.28 1 1
ci.guzzler.io/guzzler/corcel/assertions/LessThanAssertion.go:60.18,62.5 1 1
ci.guzzler.io/guzzler/corcel/assertions/LessThanAssertion.go:62.5,64.5 1 1
ci.guzzler.io/guzzler/corcel/assertions/LessThanAssertion.go:70.3,72.18 2 4
ci.guzzler.io/guzzler/corcel/assertions/LessThanAssertion.go:77.3,79.18 2 4
ci.guzzler.io/guzzler/corcel/assertions/LessThanAssertion.go:84.3,87.52 3 5
ci.guzzler.io/guzzler/corcel/assertions/LessThanAssertion.go:92.3,93.28 1 2
ci.guzzler.io/guzzler/corcel/assertions/LessThanAssertion.go:72.18,74.5 1 1
ci.guzzler.io/guzzler/corcel/assertions/LessThanAssertion.go:74.5,76.5 1 3
ci.guzzler.io/guzzler/corcel/assertions/LessThanAssertion.go:79.18,81.5 1 1
ci.guzzler.io/guzzler/corcel/assertions/LessThanAssertion.go:81.5,83.5 1 3
ci.guzzler.io/guzzler/corcel/assertions/LessThanAssertion.go:87.52,89.5 1 3
ci.guzzler.io/guzzler/corcel/assertions/LessThanAssertion.go:89.5,91.5 1 2
ci.guzzler.io/guzzler/corcel/assertions/LessThanAssertion.go:100.38,102.3 1 27
ci.guzzler.io/guzzler/corcel/assertions/LessThanOrEqualAssertion.go:16.62,18.2 1 35
ci.guzzler.io/guzzler/corcel/assertions/LessThanOrEqualAssertion.go:21.109,33.37 3 35
ci.guzzler.io/guzzler/corcel/assertions/LessThanOrEqualAssertion.go:100.2,100.38 1 35
ci.guzzler.io/guzzler/corcel/assertions/LessThanOrEqualAssertion.go:103.2,103.15 1 35
ci.guzzler.io/guzzler/corcel/assertions/LessThanOrEqualAssertion.go:34.2,35.48 1 7
ci.guzzler.io/guzzler/corcel/assertions/LessThanOrEqualAssertion.go:52.2,53.48 1 8
ci.guzzler.io/guzzler/corcel/assertions/LessThanOrEqualAssertion.go:68.2,69.48 1 15
ci.guzzler.io/guzzler/corcel/assertions/LessThanOrEqualAssertion.go:95.2,96.27 1 5
ci.guzzler.io/guzzler/corcel/assertions/LessThanOrEqualAssertion.go:36.3,38.9 2 3
ci.guzzler.io/guzzler/corcel/assertions/LessThanOrEqualAssertion.go:39.3,41.9 2 1
ci.guzzler.io/guzzler/corcel/assertions/LessThanOrEqualAssertion.go:42.3,44.18 2 2
ci.guzzler.io/guzzler/corcel/assertions/LessThanOrEqualAssertion.go:49.3,50.28 1 1
ci.guzzler.io/guzzler/corcel/assertions/LessThanOrEqualAssertion.go:44.18,46.5 1 1
ci.guzzler.io/guzzler/corcel/assertions/LessThanOrEqualAssertion.go:46.5,48.5 1 1
ci.guzzler.io/guzzler/corcel/assertions/LessThanOrEqualAssertion.go:54.3,55.58 1 2
ci.guzzler.io/guzzler/corcel/assertions/LessThanOrEqualAssertion.go:56.3,57.49 1 3
ci.guzzler.io/guzzler/corcel/assertions/LessThanOrEqualAssertion.go:58.3,60.18 2 2
ci.guzzler.io/guzzler/corcel/assertions/LessThanOrEqualAssertion.go:65.3,66.28 1 1
ci.guzzler.io/guzzler/corcel/assertions/LessThanOrEqualAssertion.go:60.18,62.5 1 1
ci.guzzler.io/guzzler/corcel/assertions/LessThanOrEqualAssertion.go:62.5,64.5 1 1
ci.guzzler.io/guzzler/corcel/assertions/LessThanOrEqualAssertion.go:70.3,72.18 2 4
ci.guzzler.io/guzzler/corcel/assertions/LessThanOrEqualAssertion.go:77.3,79.18 2 4
ci.guzzler.io/guzzler/corcel/assertions/LessThanOrEqualAssertion.go:84.3,87.52 3 5
ci.guzzler.io/guzzler/corcel/assertions/LessThanOrEqualAssertion.go:92.3,93.28 1 2
ci.guzzler.io/guzzler/corcel/assertions/LessThanOrEqualAssertion.go:72.18,74.5 1 1
ci.guzzler.io/guzzler/corcel/assertions/LessThanOrEqualAssertion.go:74.5,76.5 1 3
ci.guzzler.io/guzzler/corcel/assertions/LessThanOrEqualAssertion.go:79.18,81.5 1 1
ci.guzzler.io/guzzler/corcel/assertions/LessThanOrEqualAssertion.go:81.5,83.5 1 3
ci.guzzler.io/guzzler/corcel/assertions/LessThanOrEqualAssertion.go:87.52,89.5 1 3
ci.guzzler.io/guzzler/corcel/assertions/LessThanOrEqualAssertion.go:89.5,91.5 1 2
ci.guzzler.io/guzzler/corcel/assertions/LessThanOrEqualAssertion.go:100.38,102.3 1 22
ci.guzzler.io/guzzler/corcel/assertions/NotEmptyAssertion.go:15.55,17.2 1 4
ci.guzzler.io/guzzler/corcel/assertions/NotEmptyAssertion.go:20.102,28.38 3 4
ci.guzzler.io/guzzler/corcel/assertions/NotEmptyAssertion.go:40.2,40.30 1 4
ci.guzzler.io/guzzler/corcel/assertions/NotEmptyAssertion.go:44.2,44.15 1 4
ci.guzzler.io/guzzler/corcel/assertions/NotEmptyAssertion.go:29.2,31.18 2 2
ci.guzzler.io/guzzler/corcel/assertions/NotEmptyAssertion.go:34.2,35.20 1 2
ci.guzzler.io/guzzler/corcel/assertions/NotEmptyAssertion.go:31.18,33.4 1 0
ci.guzzler.io/guzzler/corcel/assertions/NotEmptyAssertion.go:35.20,37.4 1 1
ci.guzzler.io/guzzler/corcel/assertions/NotEmptyAssertion.go:40.30,43.3 2 3
ci.guzzler.io/guzzler/corcel/assertions/NotEqualAssertion.go:15.55,17.2 1 2
ci.guzzler.io/guzzler/corcel/assertions/NotEqualAssertion.go:20.102,29.30 3 2
ci.guzzler.io/guzzler/corcel/assertions/NotEqualAssertion.go:35.2,35.15 1 2
ci.guzzler.io/guzzler/corcel/assertions/NotEqualAssertion.go:29.30,31.3 1 1
ci.guzzler.io/guzzler/corcel/assertions/NotEqualAssertion.go:31.3,34.3 2 1
