mode: atomic
ci.guzzler.io/guzzler/corcel/statistics/Aggregator.go:36.50,45.2 1 20
ci.guzzler.io/guzzler/corcel/statistics/Aggregator.go:47.76,48.42 1 14
ci.guzzler.io/guzzler/corcel/statistics/Aggregator.go:54.2,54.64 1 14
ci.guzzler.io/guzzler/corcel/statistics/Aggregator.go:48.42,50.46 2 4
ci.guzzler.io/guzzler/corcel/statistics/Aggregator.go:50.46,52.4 1 0
ci.guzzler.io/guzzler/corcel/statistics/Aggregator.go:57.79,58.42 1 10
ci.guzzler.io/guzzler/corcel/statistics/Aggregator.go:58.42,60.3 1 2
ci.guzzler.io/guzzler/corcel/statistics/Aggregator.go:63.76,64.40 1 14
ci.guzzler.io/guzzler/corcel/statistics/Aggregator.go:70.2,70.60 1 14
ci.guzzler.io/guzzler/corcel/statistics/Aggregator.go:64.40,66.46 2 4
ci.guzzler.io/guzzler/corcel/statistics/Aggregator.go:66.46,68.4 1 0
ci.guzzler.io/guzzler/corcel/statistics/Aggregator.go:73.77,74.40 1 10
ci.guzzler.io/guzzler/corcel/statistics/Aggregator.go:74.40,76.3 1 2
ci.guzzler.io/guzzler/corcel/statistics/Aggregator.go:79.95,80.44 1 14
ci.guzzler.io/guzzler/corcel/statistics/Aggregator.go:83.2,83.52 1 14
ci.guzzler.io/guzzler/corcel/statistics/Aggregator.go:89.2,89.84 1 14
ci.guzzler.io/guzzler/corcel/statistics/Aggregator.go:80.44,82.3 1 4
ci.guzzler.io/guzzler/corcel/statistics/Aggregator.go:83.52,85.46 2 4
ci.guzzler.io/guzzler/corcel/statistics/Aggregator.go:85.46,87.4 1 0
ci.guzzler.io/guzzler/corcel/statistics/Aggregator.go:92.81,93.44 1 10
ci.guzzler.io/guzzler/corcel/statistics/Aggregator.go:93.44,94.39 1 2
ci.guzzler.io/guzzler/corcel/statistics/Aggregator.go:94.39,96.4 1 2
ci.guzzler.io/guzzler/corcel/statistics/Aggregator.go:100.91,101.40 1 14
ci.guzzler.io/guzzler/corcel/statistics/Aggregator.go:104.2,104.48 1 14
ci.guzzler.io/guzzler/corcel/statistics/Aggregator.go:110.2,110.76 1 14
ci.guzzler.io/guzzler/corcel/statistics/Aggregator.go:101.40,103.3 1 4
ci.guzzler.io/guzzler/corcel/statistics/Aggregator.go:104.48,106.46 2 4
ci.guzzler.io/guzzler/corcel/statistics/Aggregator.go:106.46,108.4 1 0
ci.guzzler.io/guzzler/corcel/statistics/Aggregator.go:113.77,114.40 1 10
ci.guzzler.io/guzzler/corcel/statistics/Aggregator.go:114.40,115.39 1 2
ci.guzzler.io/guzzler/corcel/statistics/Aggregator.go:115.39,117.4 1 2
ci.guzzler.io/guzzler/corcel/statistics/Aggregator.go:121.91,122.40 1 14
ci.guzzler.io/guzzler/corcel/statistics/Aggregator.go:125.2,125.48 1 14
ci.guzzler.io/guzzler/corcel/statistics/Aggregator.go:131.2,131.76 1 14
ci.guzzler.io/guzzler/corcel/statistics/Aggregator.go:122.40,124.3 1 4
ci.guzzler.io/guzzler/corcel/statistics/Aggregator.go:125.48,127.46 2 4
ci.guzzler.io/guzzler/corcel/statistics/Aggregator.go:127.46,129.4 1 0
ci.guzzler.io/guzzler/corcel/statistics/Aggregator.go:134.77,135.40 1 10
ci.guzzler.io/guzzler/corcel/statistics/Aggregator.go:135.40,136.39 1 2
ci.guzzler.io/guzzler/corcel/statistics/Aggregator.go:136.39,138.4 1 2
ci.guzzler.io/guzzler/corcel/statistics/Aggregator.go:142.61,144.2 1 70
ci.guzzler.io/guzzler/corcel/statistics/Aggregator.go:147.71,154.2 6 10
ci.guzzler.io/guzzler/corcel/statistics/Aggregator.go:173.66,189.20 11 0
ci.guzzler.io/guzzler/corcel/statistics/Aggregator.go:195.2,202.22 6 0
ci.guzzler.io/guzzler/corcel/statistics/Aggregator.go:206.2,207.26 2 0
ci.guzzler.io/guzzler/corcel/statistics/Aggregator.go:211.2,212.28 2 0
ci.guzzler.io/guzzler/corcel/statistics/Aggregator.go:216.2,217.34 2 0
ci.guzzler.io/guzzler/corcel/statistics/Aggregator.go:221.2,243.3 7 0
ci.guzzler.io/guzzler/corcel/statistics/Aggregator.go:189.20,191.3 1 0
ci.guzzler.io/guzzler/corcel/statistics/Aggregator.go:191.3,193.3 1 0
ci.guzzler.io/guzzler/corcel/statistics/Aggregator.go:202.22,204.3 1 0
ci.guzzler.io/guzzler/corcel/statistics/Aggregator.go:207.26,209.3 1 0
ci.guzzler.io/guzzler/corcel/statistics/Aggregator.go:212.28,214.3 1 0
ci.guzzler.io/guzzler/corcel/statistics/Aggregator.go:217.34,219.3 1 0
ci.guzzler.io/guzzler/corcel/statistics/Aggregator.go:247.59,263.2 3 0
ci.guzzler.io/guzzler/corcel/statistics/Aggregator.go:266.42,273.2 6 0
ci.guzzler.io/guzzler/corcel/statistics/Aggregator.go:276.59,285.2 1 0
ci.guzzler.io/guzzler/corcel/statistics/Aggregator.go:287.66,289.43 2 0
ci.guzzler.io/guzzler/corcel/statistics/Aggregator.go:295.2,295.66 1 0
ci.guzzler.io/guzzler/corcel/statistics/Aggregator.go:289.43,291.46 2 0
ci.guzzler.io/guzzler/corcel/statistics/Aggregator.go:291.46,293.4 1 0
ci.guzzler.io/guzzler/corcel/statistics/Aggregator.go:298.66,299.41 1 0
ci.guzzler.io/guzzler/corcel/statistics/Aggregator.go:305.2,305.62 1 0
ci.guzzler.io/guzzler/corcel/statistics/Aggregator.go:299.41,301.46 2 0
ci.guzzler.io/guzzler/corcel/statistics/Aggregator.go:301.46,303.4 1 0
ci.guzzler.io/guzzler/corcel/statistics/Aggregator.go:308.80,311.45 3 0
ci.guzzler.io/guzzler/corcel/statistics/Aggregator.go:335.2,343.84 9 0
ci.guzzler.io/guzzler/corcel/statistics/Aggregator.go:311.45,323.46 11 0
ci.guzzler.io/guzzler/corcel/statistics/Aggregator.go:323.46,333.4 9 0
ci.guzzler.io/guzzler/corcel/statistics/Aggregator.go:346.72,347.41 1 0
ci.guzzler.io/guzzler/corcel/statistics/Aggregator.go:364.2,368.106 5 0
ci.guzzler.io/guzzler/corcel/statistics/Aggregator.go:347.41,355.46 7 0
ci.guzzler.io/guzzler/corcel/statistics/Aggregator.go:355.46,361.4 5 0
ci.guzzler.io/guzzler/corcel/statistics/Aggregator.go:371.72,373.41 2 0
ci.guzzler.io/guzzler/corcel/statistics/Aggregator.go:408.2,420.106 13 0
ci.guzzler.io/guzzler/corcel/statistics/Aggregator.go:373.41,390.46 16 0
ci.guzzler.io/guzzler/corcel/statistics/Aggregator.go:390.46,405.4 14 0
ci.guzzler.io/guzzler/corcel/statistics/Aggregator.go:423.46,425.90 2 0
ci.guzzler.io/guzzler/corcel/statistics/Aggregator.go:429.2,431.58 3 0
ci.guzzler.io/guzzler/corcel/statistics/Aggregator.go:451.2,451.25 1 0
ci.guzzler.io/guzzler/corcel/statistics/Aggregator.go:425.90,427.3 1 0
ci.guzzler.io/guzzler/corcel/statistics/Aggregator.go:431.58,432.29 1 0
ci.guzzler.io/guzzler/corcel/statistics/Aggregator.go:433.3,435.46 2 0
ci.guzzler.io/guzzler/corcel/statistics/Aggregator.go:436.3,437.63 1 0
ci.guzzler.io/guzzler/corcel/statistics/Aggregator.go:438.3,439.54 1 0
ci.guzzler.io/guzzler/corcel/statistics/Aggregator.go:440.3,442.34 2 0
ci.guzzler.io/guzzler/corcel/statistics/Aggregator.go:443.3,445.30 2 0
ci.guzzler.io/guzzler/corcel/statistics/Aggregator.go:446.3,448.30 2 0
ci.guzzler.io/guzzler/corcel/statistics/Aggregator.go:455.37,457.12 2 0
ci.guzzler.io/guzzler/corcel/statistics/Aggregator.go:457.12,458.35 1 0
ci.guzzler.io/guzzler/corcel/statistics/Aggregator.go:458.35,460.4 1 0
ci.guzzler.io/guzzler/corcel/statistics/Aggregator.go:465.36,468.2 2 0
